Determining if the pthread_create exist failed with the following output:
Change Dir: /home/huangxiaowen/Project/AIBRAIN_ROBOT_LITTLE_S_v1_20200411/ros/melodic/src/motor/build/CMakeFiles/CMakeTmp

Run Build Command:"/usr/bin/make" "cmTC_d6b4e/fast"
/usr/bin/make -f CMakeFiles/cmTC_d6b4e.dir/build.make CMakeFiles/cmTC_d6b4e.dir/build
make[1]: Entering directory `/home/huangxiaowen/Project/AIBRAIN_ROBOT_LITTLE_S_v1_20200411/ros/melodic/src/motor/build/CMakeFiles/CMakeTmp'
Building C object CMakeFiles/cmTC_d6b4e.dir/CheckSymbolExists.c.o
/usr/bin/cc    -o CMakeFiles/cmTC_d6b4e.dir/CheckSymbolExists.c.o   -c /home/huangxiaowen/Project/AIBRAIN_ROBOT_LITTLE_S_v1_20200411/ros/melodic/src/motor/build/CMakeFiles/CMakeTmp/CheckSymbolExists.c
Linking C executable cmTC_d6b4e
/usr/bin/cmake -E cmake_link_script CMakeFiles/cmTC_d6b4e.dir/link.txt --verbose=1
/usr/bin/cc      -rdynamic CMakeFiles/cmTC_d6b4e.dir/CheckSymbolExists.c.o  -o cmTC_d6b4e 
CMakeFiles/cmTC_d6b4e.dir/CheckSymbolExists.c.o: In function `main':
CheckSymbolExists.c:(.text+0x1b): undefined reference to `pthread_create'
collect2: error: ld returned 1 exit status
make[1]: *** [cmTC_d6b4e] Error 1
make[1]: Leaving directory `/home/huangxiaowen/Project/AIBRAIN_ROBOT_LITTLE_S_v1_20200411/ros/melodic/src/motor/build/CMakeFiles/CMakeTmp'
make: *** [cmTC_d6b4e/fast] Error 2

File /home/huangxiaowen/Project/AIBRAIN_ROBOT_LITTLE_S_v1_20200411/ros/melodic/src/motor/build/CMakeFiles/CMakeTmp/CheckSymbolExists.c:
/* */
#include <pthread.h>

int main(int argc, char** argv)
{
  (void)argv;
#ifndef pthread_create
  return ((int*)(&pthread_create))[argc];
#else
  (void)argc;
  return 0;
#endif
}

Determining if the function pthread_create exists in the pthreads failed with the following output:
Change Dir: /home/huangxiaowen/Project/AIBRAIN_ROBOT_LITTLE_S_v1_20200411/ros/melodic/src/motor/build/CMakeFiles/CMakeTmp

Run Build Command:"/usr/bin/make" "cmTC_bb0c0/fast"
/usr/bin/make -f CMakeFiles/cmTC_bb0c0.dir/build.make CMakeFiles/cmTC_bb0c0.dir/build
make[1]: Entering directory `/home/huangxiaowen/Project/AIBRAIN_ROBOT_LITTLE_S_v1_20200411/ros/melodic/src/motor/build/CMakeFiles/CMakeTmp'
Building C object CMakeFiles/cmTC_bb0c0.dir/CheckFunctionExists.c.o
/usr/bin/cc   -DCHECK_FUNCTION_EXISTS=pthread_create   -o CMakeFiles/cmTC_bb0c0.dir/CheckFunctionExists.c.o   -c /usr/share/cmake-3.10/Modules/CheckFunctionExists.c
Linking C executable cmTC_bb0c0
/usr/bin/cmake -E cmake_link_script CMakeFiles/cmTC_bb0c0.dir/link.txt --verbose=1
/usr/bin/cc  -DCHECK_FUNCTION_EXISTS=pthread_create    -rdynamic CMakeFiles/cmTC_bb0c0.dir/CheckFunctionExists.c.o  -o cmTC_bb0c0 -lpthreads 
/usr/bin/ld: cannot find -lpthreads
collect2: error: ld returned 1 exit status
make[1]: *** [cmTC_bb0c0] Error 1
make[1]: Leaving directory `/home/huangxiaowen/Project/AIBRAIN_ROBOT_LITTLE_S_v1_20200411/ros/melodic/src/motor/build/CMakeFiles/CMakeTmp'
make: *** [cmTC_bb0c0/fast] Error 2


